[2025-04-30 09:03:03Z INFO HostContext] No proxy settings were found based on environmental variables (http_proxy/https_proxy/HTTP_PROXY/HTTPS_PROXY)
[2025-04-30 09:03:03Z INFO HostContext] Well known directory 'Bin': '/home/regulusnemea/workstation/github/assignment-1-KiranSatyaRaj/actions-runner/bin'
[2025-04-30 09:03:03Z INFO HostContext] Well known directory 'Root': '/home/regulusnemea/workstation/github/assignment-1-KiranSatyaRaj/actions-runner'
[2025-04-30 09:03:03Z INFO HostContext] Well known config file 'Credentials': '/home/regulusnemea/workstation/github/assignment-1-KiranSatyaRaj/actions-runner/.credentials'
[2025-04-30 09:03:03Z INFO HostContext] Well known directory 'Bin': '/home/regulusnemea/workstation/github/assignment-1-KiranSatyaRaj/actions-runner/bin'
[2025-04-30 09:03:03Z INFO HostContext] Well known directory 'Root': '/home/regulusnemea/workstation/github/assignment-1-KiranSatyaRaj/actions-runner'
[2025-04-30 09:03:03Z INFO HostContext] Well known config file 'Runner': '/home/regulusnemea/workstation/github/assignment-1-KiranSatyaRaj/actions-runner/.runner'
[2025-04-30 09:03:03Z INFO Listener] Runner is built for Linux (X64) - linux-x64.
[2025-04-30 09:03:03Z INFO Listener] RuntimeInformation: Ubuntu 24.04.2 LTS.
[2025-04-30 09:03:03Z INFO Listener] Version: 2.323.0
[2025-04-30 09:03:03Z INFO Listener] Commit: d8b82f44a9ec0258904d5869ae683c31d5aac299
[2025-04-30 09:03:03Z INFO Listener] Culture: en-US
[2025-04-30 09:03:03Z INFO Listener] UI Culture: en-US
[2025-04-30 09:03:03Z INFO HostContext] Well known directory 'Bin': '/home/regulusnemea/workstation/github/assignment-1-KiranSatyaRaj/actions-runner/bin'
[2025-04-30 09:03:03Z INFO HostContext] Well known directory 'Root': '/home/regulusnemea/workstation/github/assignment-1-KiranSatyaRaj/actions-runner'
[2025-04-30 09:03:03Z INFO Listener] Validating directory permissions for: '/home/regulusnemea/workstation/github/assignment-1-KiranSatyaRaj/actions-runner'
[2025-04-30 09:03:03Z INFO CommandLineParser] Parse
[2025-04-30 09:03:03Z INFO CommandLineParser] Parsing 1 args
[2025-04-30 09:03:03Z INFO CommandLineParser] parsing argument
[2025-04-30 09:03:03Z INFO CommandLineParser] HasArgs: False
[2025-04-30 09:03:03Z INFO CommandLineParser] Adding Command: run
[2025-04-30 09:03:03Z INFO Listener] Arguments parsed
[2025-04-30 09:03:03Z INFO Runner] ExecuteCommand
[2025-04-30 09:03:03Z INFO ConfigurationStore] currentAssemblyLocation: /home/regulusnemea/workstation/github/assignment-1-KiranSatyaRaj/actions-runner/bin/Runner.Listener.dll
[2025-04-30 09:03:03Z INFO HostContext] Well known directory 'Bin': '/home/regulusnemea/workstation/github/assignment-1-KiranSatyaRaj/actions-runner/bin'
[2025-04-30 09:03:03Z INFO ConfigurationStore] binPath: /home/regulusnemea/workstation/github/assignment-1-KiranSatyaRaj/actions-runner/bin
[2025-04-30 09:03:03Z INFO HostContext] Well known directory 'Bin': '/home/regulusnemea/workstation/github/assignment-1-KiranSatyaRaj/actions-runner/bin'
[2025-04-30 09:03:03Z INFO HostContext] Well known directory 'Root': '/home/regulusnemea/workstation/github/assignment-1-KiranSatyaRaj/actions-runner'
[2025-04-30 09:03:03Z INFO ConfigurationStore] RootFolder: /home/regulusnemea/workstation/github/assignment-1-KiranSatyaRaj/actions-runner
[2025-04-30 09:03:03Z INFO HostContext] Well known directory 'Bin': '/home/regulusnemea/workstation/github/assignment-1-KiranSatyaRaj/actions-runner/bin'
[2025-04-30 09:03:03Z INFO HostContext] Well known directory 'Root': '/home/regulusnemea/workstation/github/assignment-1-KiranSatyaRaj/actions-runner'
[2025-04-30 09:03:03Z INFO HostContext] Well known config file 'Runner': '/home/regulusnemea/workstation/github/assignment-1-KiranSatyaRaj/actions-runner/.runner'
[2025-04-30 09:03:03Z INFO ConfigurationStore] ConfigFilePath: /home/regulusnemea/workstation/github/assignment-1-KiranSatyaRaj/actions-runner/.runner
[2025-04-30 09:03:03Z INFO HostContext] Well known directory 'Bin': '/home/regulusnemea/workstation/github/assignment-1-KiranSatyaRaj/actions-runner/bin'
[2025-04-30 09:03:03Z INFO HostContext] Well known directory 'Root': '/home/regulusnemea/workstation/github/assignment-1-KiranSatyaRaj/actions-runner'
[2025-04-30 09:03:03Z INFO HostContext] Well known config file 'MigratedRunner': '/home/regulusnemea/workstation/github/assignment-1-KiranSatyaRaj/actions-runner/.runner_migrated'
[2025-04-30 09:03:03Z INFO ConfigurationStore] MigratedConfigFilePath: /home/regulusnemea/workstation/github/assignment-1-KiranSatyaRaj/actions-runner/.runner_migrated
[2025-04-30 09:03:03Z INFO HostContext] Well known directory 'Bin': '/home/regulusnemea/workstation/github/assignment-1-KiranSatyaRaj/actions-runner/bin'
[2025-04-30 09:03:03Z INFO HostContext] Well known directory 'Root': '/home/regulusnemea/workstation/github/assignment-1-KiranSatyaRaj/actions-runner'
[2025-04-30 09:03:03Z INFO HostContext] Well known config file 'Credentials': '/home/regulusnemea/workstation/github/assignment-1-KiranSatyaRaj/actions-runner/.credentials'
[2025-04-30 09:03:03Z INFO ConfigurationStore] CredFilePath: /home/regulusnemea/workstation/github/assignment-1-KiranSatyaRaj/actions-runner/.credentials
[2025-04-30 09:03:03Z INFO HostContext] Well known directory 'Bin': '/home/regulusnemea/workstation/github/assignment-1-KiranSatyaRaj/actions-runner/bin'
[2025-04-30 09:03:03Z INFO HostContext] Well known directory 'Root': '/home/regulusnemea/workstation/github/assignment-1-KiranSatyaRaj/actions-runner'
[2025-04-30 09:03:03Z INFO HostContext] Well known config file 'MigratedCredentials': '/home/regulusnemea/workstation/github/assignment-1-KiranSatyaRaj/actions-runner/.credentials_migrated'
[2025-04-30 09:03:03Z INFO ConfigurationStore] MigratedCredFilePath: /home/regulusnemea/workstation/github/assignment-1-KiranSatyaRaj/actions-runner/.credentials_migrated
[2025-04-30 09:03:03Z INFO HostContext] Well known directory 'Bin': '/home/regulusnemea/workstation/github/assignment-1-KiranSatyaRaj/actions-runner/bin'
[2025-04-30 09:03:03Z INFO HostContext] Well known directory 'Root': '/home/regulusnemea/workstation/github/assignment-1-KiranSatyaRaj/actions-runner'
[2025-04-30 09:03:03Z INFO HostContext] Well known config file 'Service': '/home/regulusnemea/workstation/github/assignment-1-KiranSatyaRaj/actions-runner/.service'
[2025-04-30 09:03:03Z INFO ConfigurationStore] ServiceConfigFilePath: /home/regulusnemea/workstation/github/assignment-1-KiranSatyaRaj/actions-runner/.service
[2025-04-30 09:03:03Z INFO CommandSettings] Flag 'help': 'False'
[2025-04-30 09:03:03Z INFO CommandSettings] Flag 'version': 'False'
[2025-04-30 09:03:03Z INFO CommandSettings] Flag 'commit': 'False'
[2025-04-30 09:03:03Z INFO CommandSettings] Flag 'check': 'False'
[2025-04-30 09:03:03Z INFO CommandSettings] Command 'configure': 'False'
[2025-04-30 09:03:03Z INFO CommandSettings] Command 'remove': 'False'
[2025-04-30 09:03:03Z INFO CommandSettings] Command 'warmup': 'False'
[2025-04-30 09:03:03Z INFO ConfigurationManager] LoadSettings
[2025-04-30 09:03:03Z INFO ConfigurationStore] IsConfigured()
[2025-04-30 09:03:03Z INFO ConfigurationStore] IsConfigured: True
[2025-04-30 09:03:03Z INFO ConfigurationManager] Is configured: True
[2025-04-30 09:03:03Z INFO ConfigurationStore] Read setting file: 309 chars
[2025-04-30 09:03:03Z INFO ConfigurationManager] Settings Loaded
[2025-04-30 09:03:03Z INFO ConfigurationStore] IsServiceConfigured()
[2025-04-30 09:03:03Z INFO ConfigurationStore] IsServiceConfigured: False
[2025-04-30 09:03:03Z INFO CommandSettings] Command 'run': 'True'
[2025-04-30 09:03:03Z INFO ConfigurationStore] IsConfigured()
[2025-04-30 09:03:03Z INFO ConfigurationStore] IsConfigured: True
[2025-04-30 09:03:03Z INFO ConfigurationManager] Is configured: True
[2025-04-30 09:03:03Z INFO Runner] Could not parse the argument value '' for StartupType. Defaulting to Manual
[2025-04-30 09:03:03Z INFO Runner] Set runner startup type - Manual
[2025-04-30 09:03:03Z INFO CommandSettings] Flag 'once': 'False'
[2025-04-30 09:03:03Z INFO CommandSettings] Flag 'once': 'False'
[2025-04-30 09:03:03Z INFO Runner] RunAsync
[2025-04-30 09:03:03Z INFO ConfigurationManager] LoadSettings
[2025-04-30 09:03:03Z INFO ConfigurationStore] IsConfigured()
[2025-04-30 09:03:03Z INFO ConfigurationStore] IsConfigured: True
[2025-04-30 09:03:03Z INFO ConfigurationManager] Is configured: True
[2025-04-30 09:03:03Z INFO ConfigurationManager] Settings Loaded
[2025-04-30 09:03:03Z INFO MessageListener] {
  "AgentId": 3,
  "AgentName": "leo",
  "PoolId": 1,
  "PoolName": "Default",
  "ServerUrl": "https://pipelinesghubeus11.actions.githubusercontent.com/PUlvuMxcXPjaI3IaMy9kxkDk6JWkLNFc29DmPu04hXlucS5b3S/",
  "GitHubUrl": "https://github.com/cu-ecen-aeld/assignment-1-KiranSatyaRaj",
  "WorkFolder": "_work"
}
[2025-04-30 09:03:03Z INFO MessageListener] Loading Credentials
[2025-04-30 09:03:03Z INFO ConfigurationStore] HasCredentials()
[2025-04-30 09:03:03Z INFO ConfigurationStore] stored True
[2025-04-30 09:03:03Z INFO CredentialManager] GetCredentialProvider
[2025-04-30 09:03:03Z INFO CredentialManager] Creating type OAuth
[2025-04-30 09:03:03Z INFO CredentialManager] Creating credential type: OAuth
[2025-04-30 09:03:03Z INFO HostContext] Well known directory 'Bin': '/home/regulusnemea/workstation/github/assignment-1-KiranSatyaRaj/actions-runner/bin'
[2025-04-30 09:03:03Z INFO HostContext] Well known directory 'Root': '/home/regulusnemea/workstation/github/assignment-1-KiranSatyaRaj/actions-runner'
[2025-04-30 09:03:03Z INFO HostContext] Well known config file 'RSACredentials': '/home/regulusnemea/workstation/github/assignment-1-KiranSatyaRaj/actions-runner/.credentials_rsaparams'
[2025-04-30 09:03:03Z INFO RSAFileKeyManager] Loading RSA key parameters from file /home/regulusnemea/workstation/github/assignment-1-KiranSatyaRaj/actions-runner/.credentials_rsaparams
[2025-04-30 09:03:03Z INFO MessageListener] Attempt to create session.
[2025-04-30 09:03:03Z INFO MessageListener] Connecting to the Runner Server...
[2025-04-30 09:03:03Z INFO RunnerServer] EstablishVssConnection
[2025-04-30 09:03:03Z INFO RunnerServer] Establish connection with 100 seconds timeout.
[2025-04-30 09:03:03Z INFO GitHubActionsService] Starting operation Location.GetConnectionData
[2025-04-30 09:03:03Z INFO RunnerServer] EstablishVssConnection
[2025-04-30 09:03:03Z INFO RunnerServer] Establish connection with 60 seconds timeout.
[2025-04-30 09:03:03Z INFO GitHubActionsService] Starting operation Location.GetConnectionData
[2025-04-30 09:03:03Z INFO RunnerServer] EstablishVssConnection
[2025-04-30 09:03:03Z INFO RunnerServer] Establish connection with 60 seconds timeout.
[2025-04-30 09:03:03Z INFO GitHubActionsService] Starting operation Location.GetConnectionData
[2025-04-30 09:03:04Z INFO GitHubActionsService] Finished operation Location.GetConnectionData
[2025-04-30 09:03:05Z INFO GitHubActionsService] Finished operation Location.GetConnectionData
[2025-04-30 09:03:05Z INFO GitHubActionsService] Finished operation Location.GetConnectionData
[2025-04-30 09:03:05Z INFO MessageListener] VssConnection created
[2025-04-30 09:03:05Z INFO Terminal] WRITE LINE: 
[2025-04-30 09:03:05Z INFO Terminal] WRITE LINE: 
[2025-04-30 09:03:05Z INFO RSAFileKeyManager] Loading RSA key parameters from file /home/regulusnemea/workstation/github/assignment-1-KiranSatyaRaj/actions-runner/.credentials_rsaparams
[2025-04-30 09:03:05Z INFO RSAFileKeyManager] Loading RSA key parameters from file /home/regulusnemea/workstation/github/assignment-1-KiranSatyaRaj/actions-runner/.credentials_rsaparams
[2025-04-30 09:03:06Z INFO GitHubActionsService] AAD Correlation ID for this token request: Unknown
[2025-04-30 09:03:06Z INFO MessageListener] Session created.
[2025-04-30 09:03:06Z INFO Terminal] WRITE LINE: Current runner version: '2.323.0'
[2025-04-30 09:03:06Z INFO Terminal] WRITE LINE: 2025-04-30 09:03:06Z: Listening for Jobs
[2025-04-30 09:03:06Z INFO JobDispatcher] Set runner/worker IPC timeout to 30 seconds.
[2025-04-30 09:03:07Z INFO RSAFileKeyManager] Loading RSA key parameters from file /home/regulusnemea/workstation/github/assignment-1-KiranSatyaRaj/actions-runner/.credentials_rsaparams
[2025-04-30 09:03:08Z INFO GitHubActionsService] AAD Correlation ID for this token request: Unknown
